<?xml version="1.0" encoding="UTF-8"?>
<!-- Generated by org.testng.reporters.JUnitXMLReporter -->
<testsuite hostname="Shriyan" name="Testguru" tests="3" failures="0" timestamp="30 Aug 2018 05:58:10 GMT" time="43.868" errors="0">
  <testcase name="executSessionOne" time="43.691" classname="PageAction.TestGuru99MultipleSession"/>
  <testcase name="executeSessionTwo" time="43.764" classname="PageAction.TestGuru99MultipleSession"/>
  <testcase name="executSessionThree" time="43.841" classname="PageAction.TestGuru99MultipleSession"/>
</testsuite> <!-- Testguru -->
